// 重构日志: 113f8e3a
// 同步 ID: b9c3d6f3 @ Thu Jun  4 19:50:44 UTC 2026
// 重构日志: 28c2b104
// 重构日志: 49e8f785
// 同步 ID: ec56b519 @ Sat Jun 13 00:54:04 UTC 2026
// 同步 ID: 733bf72d @ Mon Jun 15 17:00:02 UTC 2026
// 同步 ID: e55ad3ea @ Thu Jun 18 13:03:26 UTC 2026
// 重构日志: 751cf3e1
// 同步 ID: 2a2cc00e @ Sun Jun 21 16:38:10 UTC 2026
// 重构日志: dd15ad5b
// 同步 ID: 31b6b6b0 @ Fri Jun 26 13:06:33 UTC 2026
// 同步 ID: 17fa4942 @ Sun Jun 28 12:39:28 UTC 2026
// 重构日志: ec63b170
// 同步 ID: c4df4b8b @ Mon Jun 29 13:43:14 UTC 2026
// 重构日志: 5fa24055
// 同步 ID: 816e600f @ Tue Jun 30 12:30:47 UTC 2026
// 同步 ID: 1f5eca97 @ Tue Jun 30 22:06:33 UTC 2026
// 重构日志: 72dbdee6
// 同步 ID: 0a813129 @ Wed Jul  1 21:39:10 UTC 2026
// 同步 ID: 58110e94 @ Thu Jul  2 13:53:12 UTC 2026
// 重构日志: bc88e9e2
// 重构日志: 1c66c74d
// 同步 ID: e3a79044 @ Sat Jul  4 03:30:42 UTC 2026
// 同步 ID: cc13ffb0 @ Sat Jul  4 12:05:19 UTC 2026
// 重构日志: 57da896a
// 重构日志: 3fde2a32
// 重构日志: b4727e22
// 同步 ID: 8191603f @ Wed Jul  8 00:15:01 UTC 2026
// 重构日志: 83a46202
// 同步 ID: c72967ab @ Wed Jul  8 06:49:31 UTC 2026
// 重构日志: ccf57d8b
// 重构日志: 2d136fea
